2024-06-27T12:34:32.216Z  INFO 1 --- [http-nio-8080-exec-1] com.zaxxer.hikari.pool.HikariPool        : HikariPool-1 - Added connection org.postgresql.jdbc.PgConnection@20d4b3ef - trace_id=b75bfd92096de678fc1548e509684607, span_id=e52fb59d1c1acb27, service.name=, service.namespace=, service.instance.id=, deployment.environment.name=
2024-06-27T12:34:32.223Z  INFO 1 --- [http-nio-8080-exec-1] com.zaxxer.hikari.HikariDataSource       : HikariPool-1 - Start completed. - trace_id=b75bfd92096de678fc1548e509684607, span_id=e52fb59d1c1acb27, service.name=, service.namespace=, service.instance.id=, deployment.environment.name=
2024-06-27T12:34:33.302Z  INFO 1 --- [http-nio-8080-exec-1] c.m.antifraud.FraudDetectionController   : checkOrder(totalPrice=200, shippingCountry=, customerIpAddress=127.0.0.1) fraudScore=-55, status=ACCEPTED - trace_id=b75bfd92096de678fc1548e509684607, span_id=e52fb59d1c1acb27, service.name=, service.namespace=, service.instance.id=, deployment.environment.name=
2024-06-27T13:05:52.414Z  WARN 1 --- [http-nio-8080-exec-2] c.m.antifraud.FraudDetectionController   : this log message should be enriched with a baggage[my.baggage.attribute] - trace_id=d76477787842db1dc16fdb8a4c76b28c, span_id=c52de6e3afecadaf, service.name=, service.namespace=, service.instance.id=, deployment.environment.name=
2024-06-27T13:05:53.469Z  INFO 1 --- [http-nio-8080-exec-2] c.m.antifraud.FraudDetectionController   : checkOrder(totalPrice=200, shippingCountry=, customerIpAddress=127.0.0.1) fraudScore=-54, status=ACCEPTED - trace_id=d76477787842db1dc16fdb8a4c76b28c, span_id=c52de6e3afecadaf, service.name=, service.namespace=, service.instance.id=, deployment.environment.name=
2024-06-27T13:08:00.842Z  WARN 1 --- [http-nio-8080-exec-4] c.m.antifraud.FraudDetectionController   : this log message should be enriched with a baggage[my.baggage.attribute] - trace_id=a2ebf4d163edae39fcd903909a4a6982, span_id=06195927e9af5545, service.name=, service.namespace=, service.instance.id=, deployment.environment.name=
2024-06-27T13:08:01.898Z  INFO 1 --- [http-nio-8080-exec-4] c.m.antifraud.FraudDetectionController   : checkOrder(totalPrice=200, shippingCountry=, customerIpAddress=127.0.0.1) fraudScore=-35, status=ACCEPTED - trace_id=a2ebf4d163edae39fcd903909a4a6982, span_id=06195927e9af5545, service.name=, service.namespace=, service.instance.id=, deployment.environment.name=
2024-06-27T13:16:14.970Z  WARN 1 --- [http-nio-8080-exec-6] c.m.antifraud.FraudDetectionController   : this log message should be enriched with a baggage[my.baggage.attribute] - trace_id=ed10cd98c596ee70b9a3fd4ea6264ab9, span_id=9f3412ffd2e38e1b, service.name=, service.namespace=, service.instance.id=, deployment.environment.name=
2024-06-27T13:16:16.022Z  INFO 1 --- [http-nio-8080-exec-6] c.m.antifraud.FraudDetectionController   : checkOrder(totalPrice=200, shippingCountry=, customerIpAddress=127.0.0.1) fraudScore=-66, status=ACCEPTED - trace_id=ed10cd98c596ee70b9a3fd4ea6264ab9, span_id=9f3412ffd2e38e1b, service.name=, service.namespace=, service.instance.id=, deployment.environment.name=
2024-06-27T13:26:53.925Z  WARN 1 --- [http-nio-8080-exec-8] c.m.antifraud.FraudDetectionController   : this log message should be enriched with a baggage[my.baggage.attribute] - trace_id=21eda16ceb0de1123d75ced3adc065ef, span_id=77cfeaaa4b87a75c, service.name=, service.namespace=, service.instance.id=, deployment.environment.name=
2024-06-27T13:26:54.043Z  WARN 1 --- [http-nio-8080-exec-8] c.m.antifraud.FraudDetectionController   : Exception processing checkOrder(orderPrice=005, shippingCountry=, customerIpAddress=127.0.0.1) - trace_id=21eda16ceb0de1123d75ced3adc065ef, span_id=77cfeaaa4b87a75c, service.name=, service.namespace=, service.instance.id=, deployment.environment.name=

java.lang.RuntimeException: Fraud Detection Processing Exception
	at com.mycompany.antifraud.FraudDetectionController.checkOrder(FraudDetectionController.java:126)
	at java.base/jdk.internal.reflect.DirectMethodHandleAccessor.invoke(Unknown Source)
	at java.base/java.lang.reflect.Method.invoke(Unknown Source)
	at org.springframework.web.method.support.InvocableHandlerMethod.doInvoke(InvocableHandlerMethod.java:255)
	at org.springframework.web.method.support.InvocableHandlerMethod.invokeForRequest(InvocableHandlerMethod.java:188)
	at org.springframework.web.servlet.mvc.method.annotation.ServletInvocableHandlerMethod.invokeAndHandle(ServletInvocableHandlerMethod.java:118)
	at org.springframework.web.servlet.mvc.method.annotation.RequestMappingHandlerAdapter.invokeHandlerMethod(RequestMappingHandlerAdapter.java:926)
	at org.springframework.web.servlet.mvc.method.annotation.RequestMappingHandlerAdapter.handleInternal(RequestMappingHandlerAdapter.java:831)
	at org.springframework.web.servlet.mvc.method.AbstractHandlerMethodAdapter.handle(AbstractHandlerMethodAdapter.java:87)
	at org.springframework.web.servlet.DispatcherServlet.doDispatch(DispatcherServlet.java:1089)
	at org.springframework.web.servlet.DispatcherServlet.doService(DispatcherServlet.java:979)
	at org.springframework.web.servlet.FrameworkServlet.processRequest(FrameworkServlet.java:1014)
	at org.springframework.web.servlet.FrameworkServlet.doGet(FrameworkServlet.java:903)
	at jakarta.servlet.http.HttpServlet.service(HttpServlet.java:564)
	at org.springframework.web.servlet.FrameworkServlet.service(FrameworkServlet.java:885)
	at jakarta.servlet.http.HttpServlet.service(HttpServlet.java:658)
	at org.apache.catalina.core.ApplicationFilterChain.internalDoFilter(ApplicationFilterChain.java:195)
	at org.apache.catalina.core.ApplicationFilterChain.doFilter(ApplicationFilterChain.java:140)
